Flow report for TRANS_CL3
Sat Apr 11 16:47:59 2015
Quartus II Version 9.1 Build 222 10/21/2009 SJ Full Version


---------------------
; Table of Contents ;
---------------------
  1. Legal Notice
  2. Flow Summary
  3. Flow Settings
  4. Flow Non-Default Global Settings
  5. Flow Elapsed Time
  6. Flow OS Summary
  7. Flow Log



----------------
; Legal Notice ;
----------------
Copyright (C) 1991-2009 Altera Corporation
Your use of Altera Corporation's design tools, logic functions 
and other software and tools, and its AMPP partner logic 
functions, and any output files from any of the foregoing 
(including device programming or simulation files), and any 
associated documentation or information are expressly subject 
to the terms and conditions of the Altera Program License 
Subscription Agreement, Altera MegaCore Function License 
Agreement, or other applicable license agreement, including, 
without limitation, that your use is for the sole purpose of 
programming logic devices manufactured by Altera and sold by 
Altera or its authorized distributors.  Please refer to the 
applicable agreement for further details.



+-------------------------------------------------------------------------------+
; Flow Summary                                                                  ;
+------------------------------------+------------------------------------------+
; Flow Status                        ; Successful - Sat Apr 11 16:47:40 2015    ;
; Quartus II Version                 ; 9.1 Build 222 10/21/2009 SJ Full Version ;
; Revision Name                      ; TRANS_CL3                                ;
; Top-level Entity Name              ; TRANS_CL3                                ;
; Family                             ; Cyclone III                              ;
; Device                             ; EP3C25Q240C8                             ;
; Timing Models                      ; Final                                    ;
; Met timing requirements            ; N/A                                      ;
; Total logic elements               ; 4,605 / 24,624 ( 19 % )                  ;
;     Total combinational functions  ; 4,152 / 24,624 ( 17 % )                  ;
;     Dedicated logic registers      ; 2,656 / 24,624 ( 11 % )                  ;
; Total registers                    ; 2724                                     ;
; Total pins                         ; 63 / 149 ( 42 % )                        ;
; Total virtual pins                 ; 0                                        ;
; Total memory bits                  ; 55,424 / 608,256 ( 9 % )                 ;
; Embedded Multiplier 9-bit elements ; 0 / 132 ( 0 % )                          ;
; Total PLLs                         ; 1 / 4 ( 25 % )                           ;
+------------------------------------+------------------------------------------+


+-----------------------------------------+
; Flow Settings                           ;
+-------------------+---------------------+
; Option            ; Setting             ;
+-------------------+---------------------+
; Start date & time ; 04/11/2015 16:43:49 ;
; Main task         ; Compilation         ;
; Revision Name     ; TRANS_CL3           ;
+-------------------+---------------------+


+-----------------------------------------------------------------------------------------------------------------------------+
; Flow Non-Default Global Settings                                                                                            ;
+------------------------------------+-----------------------------------------+---------------+-------------+----------------+
; Assignment Name                    ; Value                                   ; Default Value ; Entity Name ; Section Id     ;
+------------------------------------+-----------------------------------------+---------------+-------------+----------------+
; COMPILER_SIGNATURE_ID              ; 1098283774219.142874182812464           ; --            ; --          ; --             ;
; IP_TOOL_NAME                       ; ALTPLL                                  ; --            ; --          ; --             ;
; IP_TOOL_VERSION                    ; 9.1                                     ; --            ; --          ; --             ;
; MAX_CORE_JUNCTION_TEMP             ; 85                                      ; --            ; --          ; --             ;
; MIN_CORE_JUNCTION_TEMP             ; 0                                       ; --            ; --          ; --             ;
; MISC_FILE                          ; PLL.bsf                                 ; --            ; --          ; --             ;
; MISC_FILE                          ; PLL_bb.v                                ; --            ; --          ; --             ;
; MISC_FILE                          ; PLL.cmp                                 ; --            ; --          ; --             ;
; MISC_FILE                          ; PLL.ppf                                 ; --            ; --          ; --             ;
; NOMINAL_CORE_SUPPLY_VOLTAGE        ; 1.2V                                    ; --            ; --          ; --             ;
; PARTITION_COLOR                    ; 16764057                                ; --            ; --          ; Top            ;
; PARTITION_NETLIST_TYPE             ; SOURCE                                  ; --            ; --          ; Top            ;
; SEARCH_PATH                        ; e:\fl\db_infrain\motorcontrol_20110630/ ; --            ; --          ; --             ;
; SOPC_BUILDER_SIGNATURE_ID          ; B8763fb3426b0000014c27fa9bbb            ; --            ; --          ; --             ;
; USE_GENERATED_PHYSICAL_CONSTRAINTS ; Off                                     ; --            ; --          ; eda_blast_fpga ;
+------------------------------------+-----------------------------------------+---------------+-------------+----------------+


+-------------------------------------------------------------------------------------------------------------------------------+
; Flow Elapsed Time                                                                                                             ;
+---------------------------+--------------+-------------------------+---------------------+------------------------------------+
; Module Name               ; Elapsed Time ; Average Processors Used ; Peak Virtual Memory ; Total CPU Time (on all processors) ;
+---------------------------+--------------+-------------------------+---------------------+------------------------------------+
; Analysis & Synthesis      ; 00:01:47     ; 1.0                     ; 305 MB              ; 00:01:48                           ;
; Fitter                    ; 00:01:37     ; 1.3                     ; 351 MB              ; 00:01:52                           ;
; TimeQuest Timing Analyzer ; 00:00:28     ; 1.3                     ; 271 MB              ; 00:00:31                           ;
; Assembler                 ; 00:00:08     ; 1.0                     ; 255 MB              ; 00:00:08                           ;
; Total                     ; 00:03:52     ; --                      ; --                  ; 00:04:11                           ;
+---------------------------+--------------+-------------------------+---------------------+------------------------------------+


+--------------------------------------------------------------------------------------------+
; Flow OS Summary                                                                            ;
+---------------------------+------------------+---------------+------------+----------------+
; Module Name               ; Machine Hostname ; OS Name       ; OS Version ; Processor type ;
+---------------------------+------------------+---------------+------------+----------------+
; Analysis & Synthesis      ; VAIO             ; Windows Vista ; 6.2        ; x86_64         ;
; Fitter                    ; VAIO             ; Windows Vista ; 6.2        ; x86_64         ;
; Assembler                 ; VAIO             ; Windows Vista ; 6.2        ; x86_64         ;
; TimeQuest Timing Analyzer ; VAIO             ; Windows Vista ; 6.2        ; x86_64         ;
+---------------------------+------------------+---------------+------------+----------------+


------------
; Flow Log ;
------------
quartus_map --read_settings_files=on --write_settings_files=off TRANS_CL3 -c TRANS_CL3
quartus_fit --read_settings_files=off --write_settings_files=off TRANS_CL3 -c TRANS_CL3
quartus_asm --read_settings_files=off --write_settings_files=off TRANS_CL3 -c TRANS_CL3
quartus_sta TRANS_CL3 -c TRANS_CL3



